<?xml version="1.0" encoding="UTF-8"?>
<!-- Generated by org.testng.reporters.JUnitReportReporter -->
<testsuite hostname="MININTCEGQL91" failures="0" tests="1" name="Parameters.ParameterDemo" time="0.477" errors="0" timestamp="2022-08-22T13:24:03 IST" skipped="0">
  <testcase classname="Parameters.ParameterDemo" name="LoginCredentials" time="0.477"/>
  <system-out/>
</testsuite> <!-- Parameters.ParameterDemo -->
