<?xml version="1.0" encoding="UTF-8"?>
<!-- Generated by org.testng.reporters.JUnitReportReporter -->
<testsuite hostname="PHLEN0277000377" failures="0" tests="2" name="AnnotationDemo.AnnotationTestNG" time="0.008" errors="0" timestamp="2022-09-12T15:13:16 CST" skipped="0">
  <testcase classname="AnnotationDemo.AnnotationTestNG" name="testMethod1" time="0.007"/>
  <system-out/>
  <testcase classname="AnnotationDemo.AnnotationTestNG" name="testMethod2" time="0.001"/>
  <system-out/>
</testsuite> <!-- AnnotationDemo.AnnotationTestNG -->
