<?xml version="1.0" encoding="UTF-8"?>
<!-- Generated by org.testng.reporters.JUnitReportReporter -->
<testsuite hostname="MININTCEGQL91" failures="0" tests="2" name="DataProvider.DPDemo" time="0.011" errors="0" timestamp="2022-08-22T13:35:01 IST" skipped="0">
  <testcase classname="DataProvider.DPDemo" name="TesdDp" time="0.001"/>
  <system-out/>
  <testcase classname="DataProvider.DPDemo" name="TesdDp" time="0.010"/>
  <system-out/>
</testsuite> <!-- DataProvider.DPDemo -->
