<?xml version="1.0" encoding="UTF-8"?>
<!-- Generated by org.testng.reporters.JUnitReportReporter -->
<testsuite hostname="PHLEN0277000377" failures="0" tests="4" name="ParalleTestNg.TestClass1" time="0.011" errors="0" timestamp="2022-09-12T15:13:31 CST" skipped="0">
  <testcase classname="ParalleTestNg.TestClass1" name="testMethod4" time="0.001"/>
  <system-out/>
  <testcase classname="ParalleTestNg.TestClass1" name="testMethod1" time="0.009"/>
  <system-out/>
  <testcase classname="ParalleTestNg.TestClass1" name="testMethod2" time="0.001"/>
  <system-out/>
  <testcase classname="ParalleTestNg.TestClass1" name="testMethod3" time="0.000"/>
  <system-out/>
</testsuite> <!-- ParalleTestNg.TestClass1 -->
