<?xml version="1.0" encoding="UTF-8"?>
<!-- Generated by org.testng.reporters.JUnitReportReporter -->
<testsuite hostname="PHLEN0277000377" failures="0" tests="2" name="com.testcasess.Demo" time="0.006" errors="0" timestamp="2022-09-12T15:17:38 CST" skipped="0">
  <testcase classname="com.testcasess.Demo" name="testMethod1" time="0.005"/>
  <system-out/>
  <testcase classname="com.testcasess.Demo" name="testMethod2" time="0.001"/>
  <system-out/>
</testsuite> <!-- com.testcasess.Demo -->
